C:\USERS\HYUN\DESKTOP\1월14일\DEBUG\THE GOLEM.EXE
C:\Users\Hyun\Desktop\1월14일\Debug\The Golem.exe.manifest
C:\USERS\HYUN\DESKTOP\1월14일\DEBUG\THE GOLEM.ILK
C:\USERS\HYUN\DESKTOP\1월14일\DEBUG\THE GOLEM.PDB
C:\Users\Hyun\Desktop\1월14일\The Golem\Debug\application.obj
C:\USERS\HYUN\DESKTOP\1월14일\THE GOLEM\DEBUG\BACKGROUND.OBJ
C:\Users\Hyun\Desktop\1월14일\The Golem\Debug\border.obj
C:\USERS\HYUN\DESKTOP\1월14일\THE GOLEM\DEBUG\CHARACTER.OBJ
C:\Users\Hyun\Desktop\1월14일\The Golem\Debug\cl.command.1.tlog
C:\Users\Hyun\Desktop\1월14일\The Golem\Debug\CL.read.1.tlog
C:\Users\Hyun\Desktop\1월14일\The Golem\Debug\CL.write.1.tlog
C:\USERS\HYUN\DESKTOP\1월14일\THE GOLEM\DEBUG\DEVICE.OBJ
C:\USERS\HYUN\DESKTOP\1월14일\THE GOLEM\DEBUG\GAME_MENU.OBJ
C:\USERS\HYUN\DESKTOP\1월14일\THE GOLEM\DEBUG\GAUGE.OBJ
C:\Users\Hyun\Desktop\1월14일\The Golem\Debug\image.obj
C:\Users\Hyun\Desktop\1월14일\The Golem\Debug\input.obj
C:\USERS\HYUN\DESKTOP\1월14일\THE GOLEM\DEBUG\ITEM.OBJ
C:\Users\Hyun\Desktop\1월14일\The Golem\Debug\link.1096.read.1.tlog
C:\Users\Hyun\Desktop\1월14일\The Golem\Debug\link.1096.write.1.tlog
C:\Users\Hyun\Desktop\1월14일\The Golem\Debug\link.1108.read.1.tlog
C:\Users\Hyun\Desktop\1월14일\The Golem\Debug\link.1108.write.1.tlog
C:\Users\Hyun\Desktop\1월14일\The Golem\Debug\link.1332.read.1.tlog
C:\Users\Hyun\Desktop\1월14일\The Golem\Debug\link.1332.write.1.tlog
C:\Users\Hyun\Desktop\1월14일\The Golem\Debug\link.1660.read.1.tlog
C:\Users\Hyun\Desktop\1월14일\The Golem\Debug\link.1660.write.1.tlog
C:\Users\Hyun\Desktop\1월14일\The Golem\Debug\link.2164.read.1.tlog
C:\Users\Hyun\Desktop\1월14일\The Golem\Debug\link.2164.write.1.tlog
C:\Users\Hyun\Desktop\1월14일\The Golem\Debug\link.2316.read.1.tlog
C:\Users\Hyun\Desktop\1월14일\The Golem\Debug\link.2316.write.1.tlog
C:\Users\Hyun\Desktop\1월14일\The Golem\Debug\link.2636.read.1.tlog
C:\Users\Hyun\Desktop\1월14일\The Golem\Debug\link.2636.write.1.tlog
C:\Users\Hyun\Desktop\1월14일\The Golem\Debug\link.2896.read.1.tlog
C:\Users\Hyun\Desktop\1월14일\The Golem\Debug\link.2896.write.1.tlog
C:\Users\Hyun\Desktop\1월14일\The Golem\Debug\link.3144.read.1.tlog
C:\Users\Hyun\Desktop\1월14일\The Golem\Debug\link.3144.write.1.tlog
C:\Users\Hyun\Desktop\1월14일\The Golem\Debug\link.3172.read.1.tlog
C:\Users\Hyun\Desktop\1월14일\The Golem\Debug\link.3172.write.1.tlog
C:\Users\Hyun\Desktop\1월14일\The Golem\Debug\link.3228.read.1.tlog
C:\Users\Hyun\Desktop\1월14일\The Golem\Debug\link.3228.write.1.tlog
C:\Users\Hyun\Desktop\1월14일\The Golem\Debug\link.3240.read.1.tlog
C:\Users\Hyun\Desktop\1월14일\The Golem\Debug\link.3240.write.1.tlog
C:\Users\Hyun\Desktop\1월14일\The Golem\Debug\link.3368.read.1.tlog
C:\Users\Hyun\Desktop\1월14일\The Golem\Debug\link.3368.write.1.tlog
C:\Users\Hyun\Desktop\1월14일\The Golem\Debug\link.3448.read.1.tlog
C:\Users\Hyun\Desktop\1월14일\The Golem\Debug\link.3448.write.1.tlog
C:\Users\Hyun\Desktop\1월14일\The Golem\Debug\link.3468.read.1.tlog
C:\Users\Hyun\Desktop\1월14일\The Golem\Debug\link.3468.write.1.tlog
C:\Users\Hyun\Desktop\1월14일\The Golem\Debug\link.3504.read.1.tlog
C:\Users\Hyun\Desktop\1월14일\The Golem\Debug\link.3504.write.1.tlog
C:\Users\Hyun\Desktop\1월14일\The Golem\Debug\link.3656.read.1.tlog
C:\Users\Hyun\Desktop\1월14일\The Golem\Debug\link.3656.write.1.tlog
C:\Users\Hyun\Desktop\1월14일\The Golem\Debug\link.3860.read.1.tlog
C:\Users\Hyun\Desktop\1월14일\The Golem\Debug\link.3860.write.1.tlog
C:\Users\Hyun\Desktop\1월14일\The Golem\Debug\link.3948.read.1.tlog
C:\Users\Hyun\Desktop\1월14일\The Golem\Debug\link.3948.write.1.tlog
C:\Users\Hyun\Desktop\1월14일\The Golem\Debug\link.4144.read.1.tlog
C:\Users\Hyun\Desktop\1월14일\The Golem\Debug\link.4144.write.1.tlog
C:\Users\Hyun\Desktop\1월14일\The Golem\Debug\link.4156.read.1.tlog
C:\Users\Hyun\Desktop\1월14일\The Golem\Debug\link.4156.write.1.tlog
C:\Users\Hyun\Desktop\1월14일\The Golem\Debug\link.4248.read.1.tlog
C:\Users\Hyun\Desktop\1월14일\The Golem\Debug\link.4248.write.1.tlog
C:\Users\Hyun\Desktop\1월14일\The Golem\Debug\link.4432.read.1.tlog
C:\Users\Hyun\Desktop\1월14일\The Golem\Debug\link.4432.write.1.tlog
C:\Users\Hyun\Desktop\1월14일\The Golem\Debug\link.4840.read.1.tlog
C:\Users\Hyun\Desktop\1월14일\The Golem\Debug\link.4840.write.1.tlog
C:\Users\Hyun\Desktop\1월14일\The Golem\Debug\link.4904.read.1.tlog
C:\Users\Hyun\Desktop\1월14일\The Golem\Debug\link.4904.write.1.tlog
C:\Users\Hyun\Desktop\1월14일\The Golem\Debug\link.5044.read.1.tlog
C:\Users\Hyun\Desktop\1월14일\The Golem\Debug\link.5044.write.1.tlog
C:\Users\Hyun\Desktop\1월14일\The Golem\Debug\link.5088.read.1.tlog
C:\Users\Hyun\Desktop\1월14일\The Golem\Debug\link.5088.write.1.tlog
C:\Users\Hyun\Desktop\1월14일\The Golem\Debug\link.5520.read.1.tlog
C:\Users\Hyun\Desktop\1월14일\The Golem\Debug\link.5520.write.1.tlog
C:\Users\Hyun\Desktop\1월14일\The Golem\Debug\link.5540.read.1.tlog
C:\Users\Hyun\Desktop\1월14일\The Golem\Debug\link.5540.write.1.tlog
C:\Users\Hyun\Desktop\1월14일\The Golem\Debug\link.5624.read.1.tlog
C:\Users\Hyun\Desktop\1월14일\The Golem\Debug\link.5624.write.1.tlog
C:\Users\Hyun\Desktop\1월14일\The Golem\Debug\link.5748.read.1.tlog
C:\Users\Hyun\Desktop\1월14일\The Golem\Debug\link.5748.write.1.tlog
C:\Users\Hyun\Desktop\1월14일\The Golem\Debug\link.5780.read.1.tlog
C:\Users\Hyun\Desktop\1월14일\The Golem\Debug\link.5780.write.1.tlog
C:\Users\Hyun\Desktop\1월14일\The Golem\Debug\link.5800.read.1.tlog
C:\Users\Hyun\Desktop\1월14일\The Golem\Debug\link.5800.write.1.tlog
C:\Users\Hyun\Desktop\1월14일\The Golem\Debug\link.5872.read.1.tlog
C:\Users\Hyun\Desktop\1월14일\The Golem\Debug\link.5872.write.1.tlog
C:\Users\Hyun\Desktop\1월14일\The Golem\Debug\link.5960.read.1.tlog
C:\Users\Hyun\Desktop\1월14일\The Golem\Debug\link.5960.write.1.tlog
C:\Users\Hyun\Desktop\1월14일\The Golem\Debug\link.6004.read.1.tlog
C:\Users\Hyun\Desktop\1월14일\The Golem\Debug\link.6004.write.1.tlog
C:\Users\Hyun\Desktop\1월14일\The Golem\Debug\link.6084.read.1.tlog
C:\Users\Hyun\Desktop\1월14일\The Golem\Debug\link.6084.write.1.tlog
C:\Users\Hyun\Desktop\1월14일\The Golem\Debug\link.6132.read.1.tlog
C:\Users\Hyun\Desktop\1월14일\The Golem\Debug\link.6132.write.1.tlog
C:\Users\Hyun\Desktop\1월14일\The Golem\Debug\link.6344.read.1.tlog
C:\Users\Hyun\Desktop\1월14일\The Golem\Debug\link.6344.write.1.tlog
C:\Users\Hyun\Desktop\1월14일\The Golem\Debug\link.6940.read.1.tlog
C:\Users\Hyun\Desktop\1월14일\The Golem\Debug\link.6940.write.1.tlog
C:\Users\Hyun\Desktop\1월14일\The Golem\Debug\link.command.1.tlog
C:\Users\Hyun\Desktop\1월14일\The Golem\Debug\link.read.1.tlog
C:\Users\Hyun\Desktop\1월14일\The Golem\Debug\link.write.1.tlog
C:\USERS\HYUN\DESKTOP\1월14일\THE GOLEM\DEBUG\MAIN.OBJ
C:\USERS\HYUN\DESKTOP\1월14일\THE GOLEM\DEBUG\MENU.OBJ
C:\Users\Hyun\Desktop\1월14일\The Golem\Debug\mt.command.1.tlog
C:\Users\Hyun\Desktop\1월14일\The Golem\Debug\mt.read.1.tlog
C:\Users\Hyun\Desktop\1월14일\The Golem\Debug\mt.write.1.tlog
C:\Users\Hyun\Desktop\1월14일\The Golem\Debug\mud.obj
C:\Users\Hyun\Desktop\1월14일\The Golem\Debug\mud_stone.obj
C:\Users\Hyun\Desktop\1월14일\The Golem\Debug\rc.command.1.tlog
C:\Users\Hyun\Desktop\1월14일\The Golem\Debug\rc.read.1.tlog
C:\Users\Hyun\Desktop\1월14일\The Golem\Debug\rc.write.1.tlog
C:\USERS\HYUN\DESKTOP\1월14일\THE GOLEM\DEBUG\ROAD.OBJ
C:\Users\Hyun\Desktop\1월14일\The Golem\Debug\sand.obj
C:\Users\Hyun\Desktop\1월14일\The Golem\Debug\sound.obj
C:\Users\Hyun\Desktop\1월14일\The Golem\Debug\stack.obj
C:\USERS\HYUN\DESKTOP\1월14일\THE GOLEM\DEBUG\STAGE1.OBJ
C:\USERS\HYUN\DESKTOP\1월14일\THE GOLEM\DEBUG\STDAFX.OBJ
C:\Users\Hyun\Desktop\1월14일\The Golem\Debug\stratum.obj
C:\USERS\HYUN\DESKTOP\1월14일\THE GOLEM\DEBUG\TEXTURE.OBJ
C:\Users\Hyun\Desktop\1월14일\The Golem\Debug\The Golem.exe.embed.manifest
C:\Users\Hyun\Desktop\1월14일\The Golem\Debug\The Golem.exe.embed.manifest.res
C:\USERS\HYUN\DESKTOP\1월14일\THE GOLEM\DEBUG\THE GOLEM.EXE.INTERMEDIATE.MANIFEST
C:\USERS\HYUN\DESKTOP\1월14일\THE GOLEM\DEBUG\THE GOLEM.PCH
C:\Users\Hyun\Desktop\1월14일\The Golem\Debug\The Golem.vcxprojResolveAssemblyReference.cache
C:\Users\Hyun\Desktop\1월14일\The Golem\Debug\The Golem.write.1.tlog
C:\Users\Hyun\Desktop\1월14일\The Golem\Debug\The Golem_manifest.rc
C:\Users\Hyun\Desktop\1월14일\The Golem\Debug\tile.obj
C:\Users\Hyun\Desktop\1월14일\The Golem\Debug\ui.obj
C:\Users\Hyun\Desktop\1월14일\The Golem\Debug\vc100.idb
C:\USERS\HYUN\DESKTOP\1월14일\THE GOLEM\DEBUG\VC100.PDB
C:\USERS\HYUN\DESKTOP\2\DEBUG\THE GOLEM.EXE
C:\USERS\HYUN\DESKTOP\2\DEBUG\THE GOLEM.ILK
C:\USERS\HYUN\DESKTOP\2\DEBUG\THE GOLEM.PDB
C:\USERS\HYUN\DESKTOP\2\THE GOLEM\DEBUG\APPLICATION.OBJ
C:\USERS\HYUN\DESKTOP\2\THE GOLEM\DEBUG\BORDER.OBJ
C:\USERS\HYUN\DESKTOP\2\THE GOLEM\DEBUG\CHARACTER.OBJ
C:\USERS\HYUN\DESKTOP\2\THE GOLEM\DEBUG\DEVICE.OBJ
C:\USERS\HYUN\DESKTOP\2\THE GOLEM\DEBUG\MAIN.OBJ
C:\USERS\HYUN\DESKTOP\2\THE GOLEM\DEBUG\MUD.OBJ
C:\USERS\HYUN\DESKTOP\2\THE GOLEM\DEBUG\MUD_STONE.OBJ
C:\USERS\HYUN\DESKTOP\2\THE GOLEM\DEBUG\SAND.OBJ
C:\USERS\HYUN\DESKTOP\2\THE GOLEM\DEBUG\SOUND.OBJ
C:\USERS\HYUN\DESKTOP\2\THE GOLEM\DEBUG\STRATUM.OBJ
C:\USERS\HYUN\DESKTOP\2\THE GOLEM\DEBUG\TEXTURE.OBJ
C:\USERS\HYUN\DESKTOP\2\THE GOLEM\DEBUG\THE GOLEM.EXE.INTERMEDIATE.MANIFEST
C:\USERS\HYUN\DESKTOP\2\THE GOLEM\DEBUG\TILE.OBJ
C:\USERS\HYUN\DESKTOP\2\THE GOLEM\DEBUG\VC100.PDB
C:\USERS\HYUN\DESKTOP\3\DEBUG\THE GOLEM.EXE
C:\USERS\HYUN\DESKTOP\3\DEBUG\THE GOLEM.ILK
C:\USERS\HYUN\DESKTOP\3\DEBUG\THE GOLEM.PDB
C:\USERS\HYUN\DESKTOP\3\THE GOLEM\DEBUG\APPLICATION.OBJ
C:\USERS\HYUN\DESKTOP\3\THE GOLEM\DEBUG\BACKGROUND.OBJ
C:\USERS\HYUN\DESKTOP\3\THE GOLEM\DEBUG\CHARACTER.OBJ
C:\USERS\HYUN\DESKTOP\3\THE GOLEM\DEBUG\DEVICE.OBJ
C:\USERS\HYUN\DESKTOP\3\THE GOLEM\DEBUG\GAME_MENU.OBJ
C:\USERS\HYUN\DESKTOP\3\THE GOLEM\DEBUG\GAUGE.OBJ
C:\USERS\HYUN\DESKTOP\3\THE GOLEM\DEBUG\ITEM.OBJ
C:\USERS\HYUN\DESKTOP\3\THE GOLEM\DEBUG\MAIN.OBJ
C:\USERS\HYUN\DESKTOP\3\THE GOLEM\DEBUG\MENU.OBJ
C:\USERS\HYUN\DESKTOP\3\THE GOLEM\DEBUG\SOUND.OBJ
C:\USERS\HYUN\DESKTOP\3\THE GOLEM\DEBUG\STAGE1.OBJ
C:\USERS\HYUN\DESKTOP\3\THE GOLEM\DEBUG\STDAFX.OBJ
C:\USERS\HYUN\DESKTOP\3\THE GOLEM\DEBUG\TEXTURE.OBJ
C:\USERS\HYUN\DESKTOP\3\THE GOLEM\DEBUG\THE GOLEM.EXE.INTERMEDIATE.MANIFEST
C:\USERS\HYUN\DESKTOP\3\THE GOLEM\DEBUG\THE GOLEM.PCH
C:\USERS\HYUN\DESKTOP\3\THE GOLEM\DEBUG\UI.OBJ
C:\USERS\HYUN\DESKTOP\3\THE GOLEM\DEBUG\VC100.PDB
C:\USERS\HYUN\DOCUMENTS\VISUAL STUDIO 2010\PROJECTS\THE GOLEM\DEBUG\THE GOLEM.EXE
C:\USERS\HYUN\DOCUMENTS\VISUAL STUDIO 2010\PROJECTS\THE GOLEM\DEBUG\THE GOLEM.EXE.MANIFEST
C:\USERS\HYUN\DOCUMENTS\VISUAL STUDIO 2010\PROJECTS\THE GOLEM\DEBUG\THE GOLEM.ILK
C:\USERS\HYUN\DOCUMENTS\VISUAL STUDIO 2010\PROJECTS\THE GOLEM\DEBUG\THE GOLEM.PDB
C:\USERS\HYUN\DOCUMENTS\VISUAL STUDIO 2010\PROJECTS\THE GOLEM\THE GOLEM\DEBUG\APPLICATION.OBJ
C:\USERS\HYUN\DOCUMENTS\VISUAL STUDIO 2010\PROJECTS\THE GOLEM\THE GOLEM\DEBUG\BORDER.OBJ
C:\USERS\HYUN\DOCUMENTS\VISUAL STUDIO 2010\PROJECTS\THE GOLEM\THE GOLEM\DEBUG\CHARACTER.OBJ
C:\USERS\HYUN\DOCUMENTS\VISUAL STUDIO 2010\PROJECTS\THE GOLEM\THE GOLEM\DEBUG\DEVICE.OBJ
C:\USERS\HYUN\DOCUMENTS\VISUAL STUDIO 2010\PROJECTS\THE GOLEM\THE GOLEM\DEBUG\IMAGE.OBJ
C:\USERS\HYUN\DOCUMENTS\VISUAL STUDIO 2010\PROJECTS\THE GOLEM\THE GOLEM\DEBUG\INPUT.OBJ
C:\USERS\HYUN\DOCUMENTS\VISUAL STUDIO 2010\PROJECTS\THE GOLEM\THE GOLEM\DEBUG\MAIN.OBJ
C:\USERS\HYUN\DOCUMENTS\VISUAL STUDIO 2010\PROJECTS\THE GOLEM\THE GOLEM\DEBUG\MUD.OBJ
C:\USERS\HYUN\DOCUMENTS\VISUAL STUDIO 2010\PROJECTS\THE GOLEM\THE GOLEM\DEBUG\MUD_STONE.OBJ
C:\USERS\HYUN\DOCUMENTS\VISUAL STUDIO 2010\PROJECTS\THE GOLEM\THE GOLEM\DEBUG\SAND.OBJ
C:\USERS\HYUN\DOCUMENTS\VISUAL STUDIO 2010\PROJECTS\THE GOLEM\THE GOLEM\DEBUG\SOUND.OBJ
C:\USERS\HYUN\DOCUMENTS\VISUAL STUDIO 2010\PROJECTS\THE GOLEM\THE GOLEM\DEBUG\STACK.OBJ
C:\USERS\HYUN\DOCUMENTS\VISUAL STUDIO 2010\PROJECTS\THE GOLEM\THE GOLEM\DEBUG\STRATUM.OBJ
C:\USERS\HYUN\DOCUMENTS\VISUAL STUDIO 2010\PROJECTS\THE GOLEM\THE GOLEM\DEBUG\TEXTURE.OBJ
C:\USERS\HYUN\DOCUMENTS\VISUAL STUDIO 2010\PROJECTS\THE GOLEM\THE GOLEM\DEBUG\THE GOLEM.EXE.EMBED.MANIFEST.RES
C:\USERS\HYUN\DOCUMENTS\VISUAL STUDIO 2010\PROJECTS\THE GOLEM\THE GOLEM\DEBUG\THE GOLEM.EXE.INTERMEDIATE.MANIFEST
C:\USERS\HYUN\DOCUMENTS\VISUAL STUDIO 2010\PROJECTS\THE GOLEM\THE GOLEM\DEBUG\TILE.OBJ
C:\USERS\HYUN\DOCUMENTS\VISUAL STUDIO 2010\PROJECTS\THE GOLEM\THE GOLEM\DEBUG\VC100.PDB
